<?xml version="1.0" encoding="UTF-8"?>
<!-- Generated by org.testng.reporters.JUnitReportReporter -->
<testsuite skipped="0" hostname="Riaz" name="Capstone.AutomationPractice13.TextOfVerification" tests="4" failures="0" timestamp="2025-05-19T15:34:17 EDT" time="50.830" errors="0">
  <testcase name="sign" time="9.452" classname="Capstone.AutomationPractice13.TextOfVerification"/>
  <system-out/>
  <testcase name="sign" time="9.835" classname="Capstone.AutomationPractice13.TextOfVerification"/>
  <system-out/>
  <testcase name="f" time="15.824" classname="Capstone.AutomationPractice13.TextOfVerification"/>
  <system-out/>
  <testcase name="f" time="15.719" classname="Capstone.AutomationPractice13.TextOfVerification"/>
  <system-out/>
</testsuite> <!-- Capstone.AutomationPractice13.TextOfVerification -->
