<?xml version="1.0" encoding="UTF-8"?>
<!-- Generated by org.testng.reporters.JUnitReportReporter -->
<testsuite skipped="0" hostname="Riaz" name="Capstone.AutomationPractice13.Property" tests="2" failures="0" timestamp="2025-05-20T15:15:13 EDT" time="21.560" errors="0">
  <testcase name="f" time="10.839" classname="Capstone.AutomationPractice13.Property"/>
  <system-out/>
  <testcase name="f" time="10.721" classname="Capstone.AutomationPractice13.Property"/>
  <system-out/>
</testsuite> <!-- Capstone.AutomationPractice13.Property -->
