<?xml version="1.0" encoding="UTF-8"?>
<!-- Generated by org.testng.reporters.JUnitReportReporter -->
<testsuite skipped="0" hostname="Riaz" name="Capstone.AutomationPractice13.Points" tests="6" failures="0" timestamp="2025-05-20T14:35:55 EDT" time="62.632" errors="0">
  <testcase name="f" time="12.164" classname="Capstone.AutomationPractice13.Points"/>
  <system-out/>
  <testcase name="f" time="9.471" classname="Capstone.AutomationPractice13.Points"/>
  <system-out/>
  <testcase name="f" time="9.716" classname="Capstone.AutomationPractice13.Points"/>
  <system-out/>
  <testcase name="f" time="9.336" classname="Capstone.AutomationPractice13.Points"/>
  <system-out/>
  <testcase name="f" time="10.095" classname="Capstone.AutomationPractice13.Points"/>
  <system-out/>
  <testcase name="f" time="11.850" classname="Capstone.AutomationPractice13.Points"/>
  <system-out/>
</testsuite> <!-- Capstone.AutomationPractice13.Points -->
