<?xml version="1.0" encoding="UTF-8"?>
<!-- Generated by org.testng.reporters.JUnitReportReporter -->
<testsuite skipped="0" hostname="Riaz" name="Capstone.AutomationPractice13.SignToAmazon" tests="2" failures="0" timestamp="2025-05-19T15:34:17 EDT" time="23.705" errors="0">
  <testcase name="f" time="11.716" classname="Capstone.AutomationPractice13.SignToAmazon"/>
  <system-out/>
  <testcase name="f" time="11.989" classname="Capstone.AutomationPractice13.SignToAmazon"/>
  <system-out/>
</testsuite> <!-- Capstone.AutomationPractice13.SignToAmazon -->
