<?xml version="1.0" encoding="UTF-8"?>
<!-- Generated by org.testng.reporters.JUnitReportReporter -->
<testsuite skipped="0" hostname="Riaz" name="Capstone.AutomationPractice13.TestNGAnnotations" tests="1" failures="0" timestamp="2025-05-07T17:35:37 EDT" time="0.009" errors="0">
  <testcase name="f" time="0.009" classname="Capstone.AutomationPractice13.TestNGAnnotations"/>
  <system-out/>
</testsuite> <!-- Capstone.AutomationPractice13.TestNGAnnotations -->
